11:34:47.165 [main] INFO  testCases.TC001_AccountRegistrationTest - Providing customer details...
11:34:48.703 [main] INFO  testCases.TC001_AccountRegistrationTest - Validating expected message...
11:34:48.746 [main] INFO  testCases.TC001_AccountRegistrationTest - ***** Finished TC001_AccountRegistrationTest *****
11:34:52.525 [main] INFO  testCases.TC002_LoginTest - ***** Starting TC002_LoginTest *****
11:34:54.991 [main] INFO  testCases.TC002_LoginTest - ***** Finished TC_002 loginTest *****
11:35:23.554 [main] DEBUG org.testng.TestNG - suiteXmlPath: "C:\Users\durga\eclipse-workspace\OpencartV121\grouping.xml"
11:35:23.888 [main] INFO  org.testng.internal.Utils - [TestNG] Running:
  C:\Users\durga\eclipse-workspace\OpencartV121\grouping.xml

11:35:27.672 [main] INFO  testCases.TC001_AccountRegistrationTest - ***** Starting  TC001_AccountRegistrationTest *****
11:35:27.875 [main] INFO  testCases.TC001_AccountRegistrationTest - Clicked on MyAccount Link
11:35:28.367 [main] INFO  testCases.TC001_AccountRegistrationTest - Clicked on Register Link
11:35:28.368 [main] INFO  testCases.TC001_AccountRegistrationTest - Providing customer details...
11:35:29.810 [main] INFO  testCases.TC001_AccountRegistrationTest - Validating expected message...
11:35:29.856 [main] INFO  testCases.TC001_AccountRegistrationTest - ***** Finished TC001_AccountRegistrationTest *****
11:35:33.663 [main] INFO  testCases.TC002_LoginTest - ***** Starting TC002_LoginTest *****
11:35:35.176 [main] INFO  testCases.TC002_LoginTest - ***** Finished TC_002 loginTest *****
11:46:45.255 [main] DEBUG org.testng.TestNG - suiteXmlPath: "C:\Users\durga\eclipse-workspace\OpencartV121\grouping.xml"
11:46:45.539 [main] INFO  org.testng.internal.Utils - [TestNG] Running:
  C:\Users\durga\eclipse-workspace\OpencartV121\grouping.xml

11:46:49.133 [main] INFO  testCases.TC001_AccountRegistrationTest - ***** Starting  TC001_AccountRegistrationTest *****
11:46:49.346 [main] INFO  testCases.TC001_AccountRegistrationTest - Clicked on MyAccount Link
11:46:49.749 [main] INFO  testCases.TC001_AccountRegistrationTest - Clicked on Register Link
11:46:49.751 [main] INFO  testCases.TC001_AccountRegistrationTest - Providing customer details...
11:46:50.457 [main] INFO  testCases.TC001_AccountRegistrationTest - Validating expected message...
11:46:51.299 [main] INFO  testCases.TC001_AccountRegistrationTest - ***** Finished TC001_AccountRegistrationTest *****
11:46:55.939 [main] INFO  testCases.TC002_LoginTest - ***** Starting TC002_LoginTest *****
11:59:39.335 [main] DEBUG org.testng.TestNG - suiteXmlPath: "C:\Users\durga\eclipse-workspace\OpencartV121\master.xml"
11:59:39.751 [main] INFO  org.testng.internal.Utils - [TestNG] Running:
  C:\Users\durga\eclipse-workspace\OpencartV121\master.xml

11:59:46.055 [main] INFO  testCases.TC001_AccountRegistrationTest - ***** Starting  TC001_AccountRegistrationTest *****
11:59:46.393 [main] INFO  testCases.TC001_AccountRegistrationTest - Clicked on MyAccount Link
11:59:47.124 [main] INFO  testCases.TC001_AccountRegistrationTest - Clicked on Register Link
11:59:47.128 [main] INFO  testCases.TC001_AccountRegistrationTest - Providing customer details...
11:59:49.633 [main] INFO  testCases.TC001_AccountRegistrationTest - Validating expected message...
11:59:49.722 [main] INFO  testCases.TC001_AccountRegistrationTest - ***** Finished TC001_AccountRegistrationTest *****
11:59:53.639 [main] INFO  testCases.TC002_LoginTest - ***** Starting TC002_LoginTest *****
12:03:47.428 [main] DEBUG org.testng.TestNG - suiteXmlPath: "C:\Users\durga\eclipse-workspace\OpencartV121\test-output\testng-failed.xml"
12:03:47.821 [main] INFO  org.testng.internal.Utils - [TestNG] Running:
  C:\Users\durga\eclipse-workspace\OpencartV121\test-output\testng-failed.xml

12:03:52.464 [main] INFO  testCases.TC002_LoginTest - ***** Starting TC002_LoginTest *****
12:03:55.178 [main] INFO  testCases.TC002_LoginTest - ***** Finished TC_002 loginTest *****
12:09:39.087 [main] DEBUG org.testng.TestNG - suiteXmlPath: "C:\Users\durga\eclipse-workspace\OpencartV121\master.xml"
12:09:39.517 [main] INFO  org.testng.internal.Utils - [TestNG] Running:
  C:\Users\durga\eclipse-workspace\OpencartV121\master.xml

12:09:43.932 [main] INFO  testCases.TC001_AccountRegistrationTest - ***** Starting  TC001_AccountRegistrationTest *****
12:09:44.249 [main] INFO  testCases.TC001_AccountRegistrationTest - Clicked on MyAccount Link
12:09:44.871 [main] INFO  testCases.TC001_AccountRegistrationTest - Clicked on Register Link
12:09:44.871 [main] INFO  testCases.TC001_AccountRegistrationTest - Providing customer details...
12:09:46.628 [main] INFO  testCases.TC001_AccountRegistrationTest - Validating expected message...
12:09:46.697 [main] ERROR testCases.TC001_AccountRegistrationTest - Test failed...
12:09:46.697 [main] DEBUG testCases.TC001_AccountRegistrationTest - Debug logs...
12:09:51.061 [main] INFO  testCases.TC002_LoginTest - ***** Starting TC002_LoginTest *****
